[10-Apr-2025 10:06:03 UTC] PHP Notice:  Function _load_textdomain_just_in_time was called <strong>incorrectly</strong>. Translation loading for the <code>breadcrumb-navxt</code> domain was triggered too early. This is usually an indicator for some code in the plugin or theme running too early. Translations should be loaded at the <code>init</code> action or later. Please see <a href="https://developer.wordpress.org/advanced-administration/debug/debug-wordpress/">Debugging in WordPress</a> for more information. (This message was added in version 6.7.0.) in C:\xampp\htdocs\wordpress1\wp-includes\functions.php on line 6114
[10-Apr-2025 10:06:03 UTC] PHP Deprecated:  Required parameter $width follows optional parameter $attach_id in C:\xampp\htdocs\wordpress1\wp-content\themes\nanosoft\inc\functions-helpers.php on line 371
[10-Apr-2025 10:06:03 UTC] PHP Deprecated:  Required parameter $height follows optional parameter $attach_id in C:\xampp\htdocs\wordpress1\wp-content\themes\nanosoft\inc\functions-helpers.php on line 371
[10-Apr-2025 10:06:04 UTC] PHP Fatal error:  Uncaught Error: Class "Reetech\EntityExamples" not found in C:\xampp\htdocs\wordpress1\wp-content\plugins\reetech-group-plugin\includes\class-rest-api.php:154
Stack trace:
#0 C:\xampp\htdocs\wordpress1\wp-includes\rest-api\class-wp-rest-server.php(1292): Reetech\RestApi::handle_invoice_submission(Object(WP_REST_Request))
#1 C:\xampp\htdocs\wordpress1\wp-includes\rest-api\class-wp-rest-server.php(1125): WP_REST_Server->respond_to_request(Object(WP_REST_Request), '/reetech-group2...', Array, NULL)
#2 C:\xampp\htdocs\wordpress1\wp-includes\rest-api\class-wp-rest-server.php(439): WP_REST_Server->dispatch(Object(WP_REST_Request))
#3 C:\xampp\htdocs\wordpress1\wp-includes\rest-api.php(449): WP_REST_Server->serve_request('/reetech-group2...')
#4 C:\xampp\htdocs\wordpress1\wp-includes\class-wp-hook.php(324): rest_api_loaded(Object(WP))
#5 C:\xampp\htdocs\wordpress1\wp-includes\class-wp-hook.php(348): WP_Hook->apply_filters('', Array)
#6 C:\xampp\htdocs\wordpress1\wp-includes\plugin.php(565): WP_Hook->do_action(Array)
#7 C:\xampp\htdocs\wordpress1\wp-includes\class-wp.php(418): do_action_ref_array('parse_request', Array)
#8 C:\xampp\htdocs\wordpress1\wp-includes\class-wp.php(813): WP->parse_request('')
#9 C:\xampp\htdocs\wordpress1\wp-includes\functions.php(1336): WP->main('')
#10 C:\xampp\htdocs\wordpress1\wp-blog-header.php(16): wp()
#11 C:\xampp\htdocs\wordpress1\index.php(17): require('C:\\xampp\\htdocs...')
#12 {main}
  thrown in C:\xampp\htdocs\wordpress1\wp-content\plugins\reetech-group-plugin\includes\class-rest-api.php on line 154
[10-Apr-2025 10:06:06 UTC] PHP Notice:  Function _load_textdomain_just_in_time was called <strong>incorrectly</strong>. Translation loading for the <code>breadcrumb-navxt</code> domain was triggered too early. This is usually an indicator for some code in the plugin or theme running too early. Translations should be loaded at the <code>init</code> action or later. Please see <a href="https://developer.wordpress.org/advanced-administration/debug/debug-wordpress/">Debugging in WordPress</a> for more information. (This message was added in version 6.7.0.) in C:\xampp\htdocs\wordpress1\wp-includes\functions.php on line 6114
[10-Apr-2025 10:06:06 UTC] PHP Deprecated:  Required parameter $width follows optional parameter $attach_id in C:\xampp\htdocs\wordpress1\wp-content\themes\nanosoft\inc\functions-helpers.php on line 371
[10-Apr-2025 10:06:06 UTC] PHP Deprecated:  Required parameter $height follows optional parameter $attach_id in C:\xampp\htdocs\wordpress1\wp-content\themes\nanosoft\inc\functions-helpers.php on line 371
